#
# A fatal error has been detected by the Java Runtime Environment:
#
#  Internal Error (javaClasses.cpp:129), pid=763, tid=140642438649600
#  fatal error: Invalid layout of preloaded class
#
# JRE version: 7.0_25-b15
# Java VM: Java HotSpot(TM) 64-Bit Server VM (23.25-b01 mixed mode linux-amd64 compressed oops)
# Failed to write core dump. Core dumps have been disabled. To enable core dumping, try "ulimit -c unlimited" before starting Java again
#
# If you would like to submit a bug report, please visit:
#   http://bugreport.sun.com/bugreport/crash.jsp
#

---------------  T H R E A D  ---------------

Current thread (0x00007fe9d8009000):  JavaThread "Unknown thread" [_thread_in_vm, id=769, stack(0x00007fe9de889000,0x00007fe9de98a000)]

Stack: [0x00007fe9de889000,0x00007fe9de98a000],  sp=0x00007fe9de988810,  free space=1022k
Native frames: (J=compiled Java code, j=interpreted, Vv=VM code, C=native code)
V  [libjvm.so+0x8a1d3a]  VMError::report_and_die()+0x2ea
V  [libjvm.so+0x407539]  report_fatal(char const*, int, char const*)+0x59
V  [libjvm.so+0x551f47]  compute_offset(int&, klassOopDesc*, Symbol*, Symbol*, bool)+0x137
V  [libjvm.so+0x553169]  java_lang_String::compute_offsets()+0x39
V  [libjvm.so+0x830ea3]  SystemDictionary::initialize_preloaded_classes(Thread*)+0x143
V  [libjvm.so+0x87cf44]  Universe::genesis(Thread*)+0x474
V  [libjvm.so+0x87d3f4]  universe2_init()+0x24
V  [libjvm.so+0x50036d]  init_globals()+0xbd
V  [libjvm.so+0x863a62]  Threads::create_vm(JavaVMInitArgs*, bool*)+0x1e2
V  [libjvm.so+0x55ff34]  JNI_CreateJavaVM+0x74
C  [libjli.so+0x2f8e]  JavaMain+0x9e


---------------  P R O C E S S  ---------------

Java Threads: ( => current thread )

Other Threads:

=>0x00007fe9d8009000 (exited) JavaThread "Unknown thread" [_thread_in_vm, id=769, stack(0x00007fe9de889000,0x00007fe9de98a000)]

VM state:not at safepoint (not fully initialized)

VM Mutex/Monitor currently owned by a thread: None

GC Heap History (0 events):
No events

Deoptimization events (0 events):
No events

Internal exceptions (0 events):
No events

Events (10 events):
Event: 0.336 loading class 0x00007fe9d802acc0 done
Event: 0.337 loading class 0x00007fe9d802a560 done
Event: 0.337 loading class 0x00007fe9d802a530
Event: 0.337 loading class 0x00007fe9d8055d60
Event: 0.337 loading class 0x00007fe9d8055d60 done
Event: 0.337 loading class 0x00007fe9d8055da0
Event: 0.337 loading class 0x00007fe9d8055da0 done
Event: 0.337 loading class 0x00007fe9d8055de0
Event: 0.337 loading class 0x00007fe9d8055de0 done
Event: 0.337 loading class 0x00007fe9d802a530 done


Dynamic libraries:
00400000-00401000 r-xp 00000000 08:01 11666593                           /home/tiger/jdk1.7.0_25/bin/java
00600000-00601000 rw-p 00000000 08:01 11666593                           /home/tiger/jdk1.7.0_25/bin/java
0134a000-0136b000 rw-p 00000000 00:00 0                                  [heap]
c0400000-c18c0000 rw-p 00000000 00:00 0 
c18c0000-c5600000 rw-p 00000000 00:00 0 
c5600000-c7d20000 rw-p 00000000 00:00 0 
c7d20000-ec760000 rw-p 00000000 00:00 0 
ec760000-edae0000 rw-p 00000000 00:00 0 
edae0000-100000000 rw-p 00000000 00:00 0 
7fe9c0000000-7fe9c0021000 rw-p 00000000 00:00 0 
7fe9c0021000-7fe9c4000000 ---p 00000000 00:00 0 
7fe9c4000000-7fe9c4021000 rw-p 00000000 00:00 0 
7fe9c4021000-7fe9c8000000 ---p 00000000 00:00 0 
7fe9c8000000-7fe9c8021000 rw-p 00000000 00:00 0 
7fe9c8021000-7fe9cc000000 ---p 00000000 00:00 0 
7fe9cd828000-7fe9d0000000 rw-p 00000000 00:00 0 
7fe9d0000000-7fe9d0021000 rw-p 00000000 00:00 0 
7fe9d0021000-7fe9d4000000 ---p 00000000 00:00 0 
7fe9d41ce000-7fe9d43c6000 rw-p 00000000 00:00 0 
7fe9d43c6000-7fe9d449d000 r--s 013f2000 08:01 15602078                   /home/tiger/adt-bundle-linux-x86_64-20131030/sdk/platforms/android-19/android.jar
7fe9d449d000-7fe9d449e000 ---p 00000000 00:00 0 
7fe9d449e000-7fe9d459e000 rw-p 00000000 00:00 0                          [stack:774]
7fe9d459e000-7fe9d459f000 ---p 00000000 00:00 0 
7fe9d459f000-7fe9d469f000 rw-p 00000000 00:00 0                          [stack:773]
7fe9d469f000-7fe9d46a0000 ---p 00000000 00:00 0 
7fe9d46a0000-7fe9d47a0000 rw-p 00000000 00:00 0                          [stack:772]
7fe9d47a0000-7fe9d47a1000 ---p 00000000 00:00 0 
7fe9d47a1000-7fe9d48b5000 rw-p 00000000 00:00 0                          [stack:771]
7fe9d48b5000-7fe9d49da000 rw-p 00000000 00:00 0 
7fe9d49da000-7fe9d49e5000 rw-p 00000000 00:00 0 
7fe9d49e5000-7fe9d4a03000 rw-p 00000000 00:00 0 
7fe9d4a03000-7fe9d4a17000 rw-p 00000000 00:00 0 
7fe9d4a17000-7fe9d4b3b000 rw-p 00000000 00:00 0 
7fe9d4b3b000-7fe9d4b46000 rw-p 00000000 00:00 0 
7fe9d4b46000-7fe9d4bd8000 rw-p 00000000 00:00 0 
7fe9d4bd8000-7fe9d4bd9000 rw-p 00000000 00:00 0 
7fe9d4bd9000-7fe9d4e49000 rwxp 00000000 00:00 0 
7fe9d4e49000-7fe9d7bd9000 rw-p 00000000 00:00 0 
7fe9d7bd9000-7fe9d7bf4000 r-xp 00000000 08:01 11667379                   /home/tiger/jdk1.7.0_25/jre/lib/amd64/libzip.so
7fe9d7bf4000-7fe9d7df3000 ---p 0001b000 08:01 11667379                   /home/tiger/jdk1.7.0_25/jre/lib/amd64/libzip.so
7fe9d7df3000-7fe9d7df4000 rw-p 0001a000 08:01 11667379                   /home/tiger/jdk1.7.0_25/jre/lib/amd64/libzip.so
7fe9d7df4000-7fe9d7dff000 r-xp 00000000 08:01 3936191                    /lib/x86_64-linux-gnu/libnss_files-2.19.so
7fe9d7dff000-7fe9d7ffe000 ---p 0000b000 08:01 3936191                    /lib/x86_64-linux-gnu/libnss_files-2.19.so
7fe9d7ffe000-7fe9d7fff000 r--p 0000a000 08:01 3936191                    /lib/x86_64-linux-gnu/libnss_files-2.19.so
7fe9d7fff000-7fe9d8000000 rw-p 0000b000 08:01 3936191                    /lib/x86_64-linux-gnu/libnss_files-2.19.so
7fe9d8000000-7fe9d805f000 rw-p 00000000 00:00 0 
7fe9d805f000-7fe9dc000000 ---p 00000000 00:00 0 
7fe9dc069000-7fe9dc0d6000 rw-p 00000000 00:00 0 
7fe9dc0d6000-7fe9dc0f4000 rw-p 00000000 00:00 0 
7fe9dc0f4000-7fe9dc0ff000 r-xp 00000000 08:01 3936201                    /lib/x86_64-linux-gnu/libnss_nis-2.19.so
7fe9dc0ff000-7fe9dc2fe000 ---p 0000b000 08:01 3936201                    /lib/x86_64-linux-gnu/libnss_nis-2.19.so
7fe9dc2fe000-7fe9dc2ff000 r--p 0000a000 08:01 3936201                    /lib/x86_64-linux-gnu/libnss_nis-2.19.so
7fe9dc2ff000-7fe9dc300000 rw-p 0000b000 08:01 3936201                    /lib/x86_64-linux-gnu/libnss_nis-2.19.so
7fe9dc300000-7fe9dc317000 r-xp 00000000 08:01 3936185                    /lib/x86_64-linux-gnu/libnsl-2.19.so
7fe9dc317000-7fe9dc516000 ---p 00017000 08:01 3936185                    /lib/x86_64-linux-gnu/libnsl-2.19.so
7fe9dc516000-7fe9dc517000 r--p 00016000 08:01 3936185                    /lib/x86_64-linux-gnu/libnsl-2.19.so
7fe9dc517000-7fe9dc518000 rw-p 00017000 08:01 3936185                    /lib/x86_64-linux-gnu/libnsl-2.19.so
7fe9dc518000-7fe9dc51a000 rw-p 00000000 00:00 0 
7fe9dc51a000-7fe9dc523000 r-xp 00000000 08:01 3936187                    /lib/x86_64-linux-gnu/libnss_compat-2.19.so
7fe9dc523000-7fe9dc722000 ---p 00009000 08:01 3936187                    /lib/x86_64-linux-gnu/libnss_compat-2.19.so
7fe9dc722000-7fe9dc723000 r--p 00008000 08:01 3936187                    /lib/x86_64-linux-gnu/libnss_compat-2.19.so
7fe9dc723000-7fe9dc724000 rw-p 00009000 08:01 3936187                    /lib/x86_64-linux-gnu/libnss_compat-2.19.so
7fe9dc724000-7fe9dc74d000 r-xp 00000000 08:01 11667370                   /home/tiger/jdk1.7.0_25/jre/lib/amd64/libjava.so
7fe9dc74d000-7fe9dc94d000 ---p 00029000 08:01 11667370                   /home/tiger/jdk1.7.0_25/jre/lib/amd64/libjava.so
7fe9dc94d000-7fe9dc94f000 rw-p 00029000 08:01 11667370                   /home/tiger/jdk1.7.0_25/jre/lib/amd64/libjava.so
7fe9dc94f000-7fe9dc95c000 r-xp 00000000 08:01 11667359                   /home/tiger/jdk1.7.0_25/jre/lib/amd64/libverify.so
7fe9dc95c000-7fe9dcb5b000 ---p 0000d000 08:01 11667359                   /home/tiger/jdk1.7.0_25/jre/lib/amd64/libverify.so
7fe9dcb5b000-7fe9dcb5d000 rw-p 0000c000 08:01 11667359                   /home/tiger/jdk1.7.0_25/jre/lib/amd64/libverify.so
7fe9dcb5d000-7fe9dcb64000 r-xp 00000000 08:01 3936244                    /lib/x86_64-linux-gnu/librt-2.19.so
7fe9dcb64000-7fe9dcd63000 ---p 00007000 08:01 3936244                    /lib/x86_64-linux-gnu/librt-2.19.so
7fe9dcd63000-7fe9dcd64000 r--p 00006000 08:01 3936244                    /lib/x86_64-linux-gnu/librt-2.19.so
7fe9dcd64000-7fe9dcd65000 rw-p 00007000 08:01 3936244                    /lib/x86_64-linux-gnu/librt-2.19.so
7fe9dcd65000-7fe9dce6a000 r-xp 00000000 08:01 3936166                    /lib/x86_64-linux-gnu/libm-2.19.so
7fe9dce6a000-7fe9dd069000 ---p 00105000 08:01 3936166                    /lib/x86_64-linux-gnu/libm-2.19.so
7fe9dd069000-7fe9dd06a000 r--p 00104000 08:01 3936166                    /lib/x86_64-linux-gnu/libm-2.19.so
7fe9dd06a000-7fe9dd06b000 rw-p 00105000 08:01 3936166                    /lib/x86_64-linux-gnu/libm-2.19.so
7fe9dd06b000-7fe9ddaac000 r-xp 00000000 08:01 11667377                   /home/tiger/jdk1.7.0_25/jre/lib/amd64/server/libjvm.so
7fe9ddaac000-7fe9ddcac000 ---p 00a41000 08:01 11667377                   /home/tiger/jdk1.7.0_25/jre/lib/amd64/server/libjvm.so
7fe9ddcac000-7fe9ddd4f000 rw-p 00a41000 08:01 11667377                   /home/tiger/jdk1.7.0_25/jre/lib/amd64/server/libjvm.so
7fe9ddd4f000-7fe9ddd8b000 rw-p 00000000 00:00 0 
7fe9ddd8b000-7fe9ddf47000 r-xp 00000000 08:01 3936116                    /lib/x86_64-linux-gnu/libc-2.19.so
7fe9ddf47000-7fe9de146000 ---p 001bc000 08:01 3936116                    /lib/x86_64-linux-gnu/libc-2.19.so
7fe9de146000-7fe9de14a000 r--p 001bb000 08:01 3936116                    /lib/x86_64-linux-gnu/libc-2.19.so
7fe9de14a000-7fe9de14c000 rw-p 001bf000 08:01 3936116                    /lib/x86_64-linux-gnu/libc-2.19.so
7fe9de14c000-7fe9de151000 rw-p 00000000 00:00 0 
7fe9de151000-7fe9de154000 r-xp 00000000 08:01 3936133                    /lib/x86_64-linux-gnu/libdl-2.19.so
7fe9de154000-7fe9de353000 ---p 00003000 08:01 3936133                    /lib/x86_64-linux-gnu/libdl-2.19.so
7fe9de353000-7fe9de354000 r--p 00002000 08:01 3936133                    /lib/x86_64-linux-gnu/libdl-2.19.so
7fe9de354000-7fe9de355000 rw-p 00003000 08:01 3936133                    /lib/x86_64-linux-gnu/libdl-2.19.so
7fe9de355000-7fe9de36b000 r-xp 00000000 08:01 11667399                   /home/tiger/jdk1.7.0_25/jre/lib/amd64/jli/libjli.so
7fe9de36b000-7fe9de56b000 ---p 00016000 08:01 11667399                   /home/tiger/jdk1.7.0_25/jre/lib/amd64/jli/libjli.so
7fe9de56b000-7fe9de56c000 rw-p 00016000 08:01 11667399                   /home/tiger/jdk1.7.0_25/jre/lib/amd64/jli/libjli.so
7fe9de56c000-7fe9de585000 r-xp 00000000 08:01 3936236                    /lib/x86_64-linux-gnu/libpthread-2.19.so
7fe9de585000-7fe9de784000 ---p 00019000 08:01 3936236                    /lib/x86_64-linux-gnu/libpthread-2.19.so
7fe9de784000-7fe9de785000 r--p 00018000 08:01 3936236                    /lib/x86_64-linux-gnu/libpthread-2.19.so
7fe9de785000-7fe9de786000 rw-p 00019000 08:01 3936236                    /lib/x86_64-linux-gnu/libpthread-2.19.so
7fe9de786000-7fe9de78a000 rw-p 00000000 00:00 0 
7fe9de78a000-7fe9de7ad000 r-xp 00000000 08:01 3936092                    /lib/x86_64-linux-gnu/ld-2.19.so
7fe9de7c9000-7fe9de7d3000 rw-p 00000000 00:00 0 
7fe9de7d3000-7fe9de889000 rw-p 00000000 00:00 0 
7fe9de889000-7fe9de88c000 ---p 00000000 00:00 0 
7fe9de88c000-7fe9de98e000 rw-p 00000000 00:00 0                          [stack:769]
7fe9de99e000-7fe9de9a0000 rw-p 00000000 00:00 0 
7fe9de9a0000-7fe9de9a8000 rw-s 00000000 08:01 9978849                    /tmp/hsperfdata_tiger/763
7fe9de9a8000-7fe9de9a9000 rw-p 00000000 00:00 0 
7fe9de9a9000-7fe9de9aa000 r--p 00000000 00:00 0 
7fe9de9aa000-7fe9de9ac000 rw-p 00000000 00:00 0 
7fe9de9ac000-7fe9de9ad000 r--p 00022000 08:01 3936092                    /lib/x86_64-linux-gnu/ld-2.19.so
7fe9de9ad000-7fe9de9ae000 rw-p 00023000 08:01 3936092                    /lib/x86_64-linux-gnu/ld-2.19.so
7fe9de9ae000-7fe9de9af000 rw-p 00000000 00:00 0 
7fffb7447000-7fffb7468000 rw-p 00000000 00:00 0                          [stack]
7fffb753a000-7fffb753c000 r-xp 00000000 00:00 0                          [vdso]
ffffffffff600000-ffffffffff601000 r-xp 00000000 00:00 0                  [vsyscall]

VM Arguments:
jvm_args: -Dfile.encoding=UTF-8 -Xbootclasspath:/home/tiger/adt-bundle-linux-x86_64-20131030/sdk/platforms/android-19/android.jar 
java_command: com.emsg.sdk.client.upload.UptokenGenerator
Launcher Type: SUN_STANDARD

Environment Variables:
PATH=/usr/local/sbin:/usr/local/bin:/usr/sbin:/usr/bin:/sbin:/bin:/usr/games:/usr/local/games
SHELL=/bin/bash
DISPLAY=:0

Signal Handlers:
SIGSEGV: [libjvm.so+0x8a26a0], sa_mask[0]=0x7ffbfeff, sa_flags=0x10000004
SIGBUS: [libjvm.so+0x8a26a0], sa_mask[0]=0x7ffbfeff, sa_flags=0x10000004
SIGFPE: [libjvm.so+0x73f3d0], sa_mask[0]=0x7ffbfeff, sa_flags=0x10000004
SIGPIPE: [libjvm.so+0x73f3d0], sa_mask[0]=0x7ffbfeff, sa_flags=0x10000004
SIGXFSZ: [libjvm.so+0x73f3d0], sa_mask[0]=0x7ffbfeff, sa_flags=0x10000004
SIGILL: [libjvm.so+0x73f3d0], sa_mask[0]=0x7ffbfeff, sa_flags=0x10000004
SIGUSR1: SIG_DFL, sa_mask[0]=0x00000000, sa_flags=0x00000000
SIGUSR2: [libjvm.so+0x73ed20], sa_mask[0]=0x00000004, sa_flags=0x10000004
SIGHUP: SIG_DFL, sa_mask[0]=0x00000000, sa_flags=0x00000000
SIGINT: SIG_DFL, sa_mask[0]=0x00000000, sa_flags=0x00000000
SIGTERM: SIG_DFL, sa_mask[0]=0x00000000, sa_flags=0x00000000
SIGQUIT: SIG_DFL, sa_mask[0]=0x00000000, sa_flags=0x00000000


---------------  S Y S T E M  ---------------

OS:jessie/sid

uname:Linux 3.13.0-24-generic #46-Ubuntu SMP Thu Apr 10 19:11:08 UTC 2014 x86_64
libc:glibc 2.19 NPTL 2.19 
rlimit: STACK 8192k, CORE 0k, NPROC 29842, NOFILE 4096, AS infinity
load average:0.12 0.10 0.24

/proc/meminfo:
MemTotal:        3841348 kB
MemFree:          168000 kB
Buffers:           23392 kB
Cached:           676484 kB
SwapCached:        76388 kB
Active:          2342796 kB
Inactive:        1002336 kB
Active(anon):    2177424 kB
Inactive(anon):   844808 kB
Active(file):     165372 kB
Inactive(file):   157528 kB
Unevictable:          48 kB
Mlocked:              48 kB
SwapTotal:       3984380 kB
SwapFree:        3197480 kB
Dirty:              3896 kB
Writeback:             0 kB
AnonPages:       2621304 kB
Mapped:           233572 kB
Shmem:            376800 kB
Slab:             151060 kB
SReclaimable:      97616 kB
SUnreclaim:        53444 kB
KernelStack:        5640 kB
PageTables:        58196 kB
NFS_Unstable:          0 kB
Bounce:                0 kB
WritebackTmp:          0 kB
CommitLimit:     5905052 kB
Committed_AS:    8288880 kB
VmallocTotal:   34359738367 kB
VmallocUsed:      550064 kB
VmallocChunk:   34359161116 kB
HardwareCorrupted:     0 kB
AnonHugePages:    370688 kB
HugePages_Total:       0
HugePages_Free:        0
HugePages_Rsvd:        0
HugePages_Surp:        0
Hugepagesize:       2048 kB
DirectMap4k:       96316 kB
DirectMap2M:     3889152 kB


CPU:total 4 (2 cores per cpu, 2 threads per core) family 6 model 37 stepping 5, cmov, cx8, fxsr, mmx, sse, sse2, sse3, ssse3, sse4.1, sse4.2, popcnt, ht, tsc, tscinvbit

/proc/cpuinfo:
processor	: 0
vendor_id	: GenuineIntel
cpu family	: 6
model		: 37
model name	: Intel(R) Core(TM) i5 CPU       M 520  @ 2.40GHz
stepping	: 5
microcode	: 0x2
cpu MHz		: 2400.000
cache size	: 3072 KB
physical id	: 0
siblings	: 4
core id		: 0
cpu cores	: 2
apicid		: 0
initial apicid	: 0
fpu		: yes
fpu_exception	: yes
cpuid level	: 11
wp		: yes
flags		: fpu vme de pse tsc msr pae mce cx8 apic sep mtrr pge mca cmov pat pse36 clflush dts acpi mmx fxsr sse sse2 ss ht tm pbe syscall nx rdtscp lm constant_tsc arch_perfmon pebs bts rep_good nopl xtopology nonstop_tsc aperfmperf pni pclmulqdq dtes64 monitor ds_cpl vmx smx est tm2 ssse3 cx16 xtpr pdcm pcid sse4_1 sse4_2 popcnt aes lahf_lm ida arat dtherm tpr_shadow vnmi flexpriority ept vpid
bogomips	: 4787.96
clflush size	: 64
cache_alignment	: 64
address sizes	: 36 bits physical, 48 bits virtual
power management:

processor	: 1
vendor_id	: GenuineIntel
cpu family	: 6
model		: 37
model name	: Intel(R) Core(TM) i5 CPU       M 520  @ 2.40GHz
stepping	: 5
microcode	: 0x2
cpu MHz		: 2400.000
cache size	: 3072 KB
physical id	: 0
siblings	: 4
core id		: 0
cpu cores	: 2
apicid		: 1
initial apicid	: 1
fpu		: yes
fpu_exception	: yes
cpuid level	: 11
wp		: yes
flags		: fpu vme de pse tsc msr pae mce cx8 apic sep mtrr pge mca cmov pat pse36 clflush dts acpi mmx fxsr sse sse2 ss ht tm pbe syscall nx rdtscp lm constant_tsc arch_perfmon pebs bts rep_good nopl xtopology nonstop_tsc aperfmperf pni pclmulqdq dtes64 monitor ds_cpl vmx smx est tm2 ssse3 cx16 xtpr pdcm pcid sse4_1 sse4_2 popcnt aes lahf_lm ida arat dtherm tpr_shadow vnmi flexpriority ept vpid
bogomips	: 4787.96
clflush size	: 64
cache_alignment	: 64
address sizes	: 36 bits physical, 48 bits virtual
power management:

processor	: 2
vendor_id	: GenuineIntel
cpu family	: 6
model		: 37
model name	: Intel(R) Core(TM) i5 CPU       M 520  @ 2.40GHz
stepping	: 5
microcode	: 0x2
cpu MHz		: 2400.000
cache size	: 3072 KB
physical id	: 0
siblings	: 4
core id		: 2
cpu cores	: 2
apicid		: 4
initial apicid	: 4
fpu		: yes
fpu_exception	: yes
cpuid level	: 11
wp		: yes
flags		: fpu vme de pse tsc msr pae mce cx8 apic sep mtrr pge mca cmov pat pse36 clflush dts acpi mmx fxsr sse sse2 ss ht tm pbe syscall nx rdtscp lm constant_tsc arch_perfmon pebs bts rep_good nopl xtopology nonstop_tsc aperfmperf pni pclmulqdq dtes64 monitor ds_cpl vmx smx est tm2 ssse3 cx16 xtpr pdcm pcid sse4_1 sse4_2 popcnt aes lahf_lm ida arat dtherm tpr_shadow vnmi flexpriority ept vpid
bogomips	: 4787.96
clflush size	: 64
cache_alignment	: 64
address sizes	: 36 bits physical, 48 bits virtual
power management:

processor	: 3
vendor_id	: GenuineIntel
cpu family	: 6
model		: 37
model name	: Intel(R) Core(TM) i5 CPU       M 520  @ 2.40GHz
stepping	: 5
microcode	: 0x2
cpu MHz		: 1199.000
cache size	: 3072 KB
physical id	: 0
siblings	: 4
core id		: 2
cpu cores	: 2
apicid		: 5
initial apicid	: 5
fpu		: yes
fpu_exception	: yes
cpuid level	: 11
wp		: yes
flags		: fpu vme de pse tsc msr pae mce cx8 apic sep mtrr pge mca cmov pat pse36 clflush dts acpi mmx fxsr sse sse2 ss ht tm pbe syscall nx rdtscp lm constant_tsc arch_perfmon pebs bts rep_good nopl xtopology nonstop_tsc aperfmperf pni pclmulqdq dtes64 monitor ds_cpl vmx smx est tm2 ssse3 cx16 xtpr pdcm pcid sse4_1 sse4_2 popcnt aes lahf_lm ida arat dtherm tpr_shadow vnmi flexpriority ept vpid
bogomips	: 4787.96
clflush size	: 64
cache_alignment	: 64
address sizes	: 36 bits physical, 48 bits virtual
power management:



Memory: 4k page, physical 3841348k(168000k free), swap 3984380k(3197480k free)

vm_info: Java HotSpot(TM) 64-Bit Server VM (23.25-b01) for linux-amd64 JRE (1.7.0_25-b15), built on Jun  5 2013 20:48:36 by "java_re" with gcc 4.3.0 20080428 (Red Hat 4.3.0-8)

time: Wed Jul 30 15:19:35 2014
elapsed time: 0 seconds

