#
# A fatal error has been detected by the Java Runtime Environment:
#
#  Internal Error (javaClasses.cpp:129), pid=26835, tid=140371451356928
#  fatal error: Invalid layout of preloaded class
#
# JRE version: 7.0_25-b15
# Java VM: Java HotSpot(TM) 64-Bit Server VM (23.25-b01 mixed mode linux-amd64 compressed oops)
# Failed to write core dump. Core dumps have been disabled. To enable core dumping, try "ulimit -c unlimited" before starting Java again
#
# If you would like to submit a bug report, please visit:
#   http://bugreport.sun.com/bugreport/crash.jsp
#

---------------  T H R E A D  ---------------

Current thread (0x00007faac0009000):  JavaThread "Unknown thread" [_thread_in_vm, id=26840, stack(0x00007faac66ea000,0x00007faac67eb000)]

Stack: [0x00007faac66ea000,0x00007faac67eb000],  sp=0x00007faac67e9810,  free space=1022k
Native frames: (J=compiled Java code, j=interpreted, Vv=VM code, C=native code)
V  [libjvm.so+0x8a1d3a]  VMError::report_and_die()+0x2ea
V  [libjvm.so+0x407539]  report_fatal(char const*, int, char const*)+0x59
V  [libjvm.so+0x551f47]  compute_offset(int&, klassOopDesc*, Symbol*, Symbol*, bool)+0x137
V  [libjvm.so+0x553169]  java_lang_String::compute_offsets()+0x39
V  [libjvm.so+0x830ea3]  SystemDictionary::initialize_preloaded_classes(Thread*)+0x143
V  [libjvm.so+0x87cf44]  Universe::genesis(Thread*)+0x474
V  [libjvm.so+0x87d3f4]  universe2_init()+0x24
V  [libjvm.so+0x50036d]  init_globals()+0xbd
V  [libjvm.so+0x863a62]  Threads::create_vm(JavaVMInitArgs*, bool*)+0x1e2
V  [libjvm.so+0x55ff34]  JNI_CreateJavaVM+0x74
C  [libjli.so+0x2f8e]  JavaMain+0x9e


---------------  P R O C E S S  ---------------

Java Threads: ( => current thread )

Other Threads:

=>0x00007faac0009000 (exited) JavaThread "Unknown thread" [_thread_in_vm, id=26840, stack(0x00007faac66ea000,0x00007faac67eb000)]

VM state:not at safepoint (not fully initialized)

VM Mutex/Monitor currently owned by a thread: None

GC Heap History (0 events):
No events

Deoptimization events (0 events):
No events

Internal exceptions (0 events):
No events

Events (10 events):
Event: 0.010 loading class 0x00007faac002aaa0 done
Event: 0.011 loading class 0x00007faac002a340 done
Event: 0.011 loading class 0x00007faac002a310
Event: 0.011 loading class 0x00007faac0055b40
Event: 0.011 loading class 0x00007faac0055b40 done
Event: 0.011 loading class 0x00007faac0055b80
Event: 0.011 loading class 0x00007faac0055b80 done
Event: 0.011 loading class 0x00007faac0055bc0
Event: 0.011 loading class 0x00007faac0055bc0 done
Event: 0.011 loading class 0x00007faac002a310 done


Dynamic libraries:
00400000-00401000 r-xp 00000000 08:01 11666593                           /home/tiger/jdk1.7.0_25/bin/java
00600000-00601000 rw-p 00000000 08:01 11666593                           /home/tiger/jdk1.7.0_25/bin/java
01bdc000-01bfd000 rw-p 00000000 00:00 0                                  [heap]
c0400000-c18c0000 rw-p 00000000 00:00 0 
c18c0000-c5600000 rw-p 00000000 00:00 0 
c5600000-c7d20000 rw-p 00000000 00:00 0 
c7d20000-ec760000 rw-p 00000000 00:00 0 
ec760000-edae0000 rw-p 00000000 00:00 0 
edae0000-100000000 rw-p 00000000 00:00 0 
7faaa8000000-7faaa8021000 rw-p 00000000 00:00 0 
7faaa8021000-7faaac000000 ---p 00000000 00:00 0 
7faaac000000-7faaac021000 rw-p 00000000 00:00 0 
7faaac021000-7faab0000000 ---p 00000000 00:00 0 
7faab0000000-7faab0021000 rw-p 00000000 00:00 0 
7faab0021000-7faab4000000 ---p 00000000 00:00 0 
7faab5828000-7faab8000000 rw-p 00000000 00:00 0 
7faab8000000-7faab8021000 rw-p 00000000 00:00 0 
7faab8021000-7faabc000000 ---p 00000000 00:00 0 
7faabc070000-7faabc2a2000 rw-p 00000000 00:00 0 
7faabc2a2000-7faabc379000 r--s 013f2000 08:01 15602078                   /home/tiger/adt-bundle-linux-x86_64-20131030/sdk/platforms/android-19/android.jar
7faabc379000-7faabc3a1000 rw-p 00000000 00:00 0 
7faabc3a1000-7faabc3a2000 ---p 00000000 00:00 0 
7faabc3a2000-7faabc4a2000 rw-p 00000000 00:00 0                          [stack:26844]
7faabc4a2000-7faabc4a3000 ---p 00000000 00:00 0 
7faabc4a3000-7faabc5a3000 rw-p 00000000 00:00 0                          [stack:26843]
7faabc5a3000-7faabc5a4000 ---p 00000000 00:00 0 
7faabc5a4000-7faabc6a4000 rw-p 00000000 00:00 0                          [stack:26842]
7faabc6a4000-7faabc6a5000 ---p 00000000 00:00 0 
7faabc6a5000-7faabc7b0000 rw-p 00000000 00:00 0                          [stack:26841]
7faabc7b0000-7faabc7ce000 rw-p 00000000 00:00 0 
7faabc7ce000-7faabc7d9000 rw-p 00000000 00:00 0 
7faabc7d9000-7faabc7f7000 rw-p 00000000 00:00 0 
7faabc7f7000-7faabc80b000 rw-p 00000000 00:00 0 
7faabc80b000-7faabc92f000 rw-p 00000000 00:00 0 
7faabc92f000-7faabc93a000 rw-p 00000000 00:00 0 
7faabc93a000-7faabc9cc000 rw-p 00000000 00:00 0 
7faabc9cc000-7faabc9cd000 rw-p 00000000 00:00 0 
7faabc9cd000-7faabcc3d000 rwxp 00000000 00:00 0 
7faabcc3d000-7faabf9cd000 rw-p 00000000 00:00 0 
7faabf9cd000-7faabf9e8000 r-xp 00000000 08:01 11667379                   /home/tiger/jdk1.7.0_25/jre/lib/amd64/libzip.so
7faabf9e8000-7faabfbe7000 ---p 0001b000 08:01 11667379                   /home/tiger/jdk1.7.0_25/jre/lib/amd64/libzip.so
7faabfbe7000-7faabfbe8000 rw-p 0001a000 08:01 11667379                   /home/tiger/jdk1.7.0_25/jre/lib/amd64/libzip.so
7faabfbe8000-7faabfbf3000 r-xp 00000000 08:01 3936191                    /lib/x86_64-linux-gnu/libnss_files-2.19.so
7faabfbf3000-7faabfdf2000 ---p 0000b000 08:01 3936191                    /lib/x86_64-linux-gnu/libnss_files-2.19.so
7faabfdf2000-7faabfdf3000 r--p 0000a000 08:01 3936191                    /lib/x86_64-linux-gnu/libnss_files-2.19.so
7faabfdf3000-7faabfdf4000 rw-p 0000b000 08:01 3936191                    /lib/x86_64-linux-gnu/libnss_files-2.19.so
7faabfdf4000-7faabfdff000 r-xp 00000000 08:01 3936201                    /lib/x86_64-linux-gnu/libnss_nis-2.19.so
7faabfdff000-7faabfffe000 ---p 0000b000 08:01 3936201                    /lib/x86_64-linux-gnu/libnss_nis-2.19.so
7faabfffe000-7faabffff000 r--p 0000a000 08:01 3936201                    /lib/x86_64-linux-gnu/libnss_nis-2.19.so
7faabffff000-7faac0000000 rw-p 0000b000 08:01 3936201                    /lib/x86_64-linux-gnu/libnss_nis-2.19.so
7faac0000000-7faac005f000 rw-p 00000000 00:00 0 
7faac005f000-7faac4000000 ---p 00000000 00:00 0 
7faac4024000-7faac4038000 rw-p 00000000 00:00 0 
7faac4038000-7faac415d000 rw-p 00000000 00:00 0 
7faac415d000-7faac4174000 r-xp 00000000 08:01 3936185                    /lib/x86_64-linux-gnu/libnsl-2.19.so
7faac4174000-7faac4373000 ---p 00017000 08:01 3936185                    /lib/x86_64-linux-gnu/libnsl-2.19.so
7faac4373000-7faac4374000 r--p 00016000 08:01 3936185                    /lib/x86_64-linux-gnu/libnsl-2.19.so
7faac4374000-7faac4375000 rw-p 00017000 08:01 3936185                    /lib/x86_64-linux-gnu/libnsl-2.19.so
7faac4375000-7faac4377000 rw-p 00000000 00:00 0 
7faac4377000-7faac4380000 r-xp 00000000 08:01 3936187                    /lib/x86_64-linux-gnu/libnss_compat-2.19.so
7faac4380000-7faac457f000 ---p 00009000 08:01 3936187                    /lib/x86_64-linux-gnu/libnss_compat-2.19.so
7faac457f000-7faac4580000 r--p 00008000 08:01 3936187                    /lib/x86_64-linux-gnu/libnss_compat-2.19.so
7faac4580000-7faac4581000 rw-p 00009000 08:01 3936187                    /lib/x86_64-linux-gnu/libnss_compat-2.19.so
7faac4581000-7faac45aa000 r-xp 00000000 08:01 11667370                   /home/tiger/jdk1.7.0_25/jre/lib/amd64/libjava.so
7faac45aa000-7faac47aa000 ---p 00029000 08:01 11667370                   /home/tiger/jdk1.7.0_25/jre/lib/amd64/libjava.so
7faac47aa000-7faac47ac000 rw-p 00029000 08:01 11667370                   /home/tiger/jdk1.7.0_25/jre/lib/amd64/libjava.so
7faac47ac000-7faac47b9000 r-xp 00000000 08:01 11667359                   /home/tiger/jdk1.7.0_25/jre/lib/amd64/libverify.so
7faac47b9000-7faac49b8000 ---p 0000d000 08:01 11667359                   /home/tiger/jdk1.7.0_25/jre/lib/amd64/libverify.so
7faac49b8000-7faac49ba000 rw-p 0000c000 08:01 11667359                   /home/tiger/jdk1.7.0_25/jre/lib/amd64/libverify.so
7faac49ba000-7faac49c1000 r-xp 00000000 08:01 3936244                    /lib/x86_64-linux-gnu/librt-2.19.so
7faac49c1000-7faac4bc0000 ---p 00007000 08:01 3936244                    /lib/x86_64-linux-gnu/librt-2.19.so
7faac4bc0000-7faac4bc1000 r--p 00006000 08:01 3936244                    /lib/x86_64-linux-gnu/librt-2.19.so
7faac4bc1000-7faac4bc2000 rw-p 00007000 08:01 3936244                    /lib/x86_64-linux-gnu/librt-2.19.so
7faac4bc2000-7faac4cc7000 r-xp 00000000 08:01 3936166                    /lib/x86_64-linux-gnu/libm-2.19.so
7faac4cc7000-7faac4ec6000 ---p 00105000 08:01 3936166                    /lib/x86_64-linux-gnu/libm-2.19.so
7faac4ec6000-7faac4ec7000 r--p 00104000 08:01 3936166                    /lib/x86_64-linux-gnu/libm-2.19.so
7faac4ec7000-7faac4ec8000 rw-p 00105000 08:01 3936166                    /lib/x86_64-linux-gnu/libm-2.19.so
7faac4ec8000-7faac5909000 r-xp 00000000 08:01 11667377                   /home/tiger/jdk1.7.0_25/jre/lib/amd64/server/libjvm.so
7faac5909000-7faac5b09000 ---p 00a41000 08:01 11667377                   /home/tiger/jdk1.7.0_25/jre/lib/amd64/server/libjvm.so
7faac5b09000-7faac5bac000 rw-p 00a41000 08:01 11667377                   /home/tiger/jdk1.7.0_25/jre/lib/amd64/server/libjvm.so
7faac5bac000-7faac5be8000 rw-p 00000000 00:00 0 
7faac5be8000-7faac5da4000 r-xp 00000000 08:01 3936116                    /lib/x86_64-linux-gnu/libc-2.19.so
7faac5da4000-7faac5fa3000 ---p 001bc000 08:01 3936116                    /lib/x86_64-linux-gnu/libc-2.19.so
7faac5fa3000-7faac5fa7000 r--p 001bb000 08:01 3936116                    /lib/x86_64-linux-gnu/libc-2.19.so
7faac5fa7000-7faac5fa9000 rw-p 001bf000 08:01 3936116                    /lib/x86_64-linux-gnu/libc-2.19.so
7faac5fa9000-7faac5fae000 rw-p 00000000 00:00 0 
7faac5fae000-7faac5fb1000 r-xp 00000000 08:01 3936133                    /lib/x86_64-linux-gnu/libdl-2.19.so
7faac5fb1000-7faac61b0000 ---p 00003000 08:01 3936133                    /lib/x86_64-linux-gnu/libdl-2.19.so
7faac61b0000-7faac61b1000 r--p 00002000 08:01 3936133                    /lib/x86_64-linux-gnu/libdl-2.19.so
7faac61b1000-7faac61b2000 rw-p 00003000 08:01 3936133                    /lib/x86_64-linux-gnu/libdl-2.19.so
7faac61b2000-7faac61c8000 r-xp 00000000 08:01 11667399                   /home/tiger/jdk1.7.0_25/jre/lib/amd64/jli/libjli.so
7faac61c8000-7faac63c8000 ---p 00016000 08:01 11667399                   /home/tiger/jdk1.7.0_25/jre/lib/amd64/jli/libjli.so
7faac63c8000-7faac63c9000 rw-p 00016000 08:01 11667399                   /home/tiger/jdk1.7.0_25/jre/lib/amd64/jli/libjli.so
7faac63c9000-7faac63e2000 r-xp 00000000 08:01 3936236                    /lib/x86_64-linux-gnu/libpthread-2.19.so
7faac63e2000-7faac65e1000 ---p 00019000 08:01 3936236                    /lib/x86_64-linux-gnu/libpthread-2.19.so
7faac65e1000-7faac65e2000 r--p 00018000 08:01 3936236                    /lib/x86_64-linux-gnu/libpthread-2.19.so
7faac65e2000-7faac65e3000 rw-p 00019000 08:01 3936236                    /lib/x86_64-linux-gnu/libpthread-2.19.so
7faac65e3000-7faac65e7000 rw-p 00000000 00:00 0 
7faac65e7000-7faac660a000 r-xp 00000000 08:01 3936092                    /lib/x86_64-linux-gnu/ld-2.19.so
7faac662a000-7faac6634000 rw-p 00000000 00:00 0 
7faac6634000-7faac66ea000 rw-p 00000000 00:00 0 
7faac66ea000-7faac66ed000 ---p 00000000 00:00 0 
7faac66ed000-7faac67ef000 rw-p 00000000 00:00 0                          [stack:26840]
7faac67fb000-7faac67fd000 rw-p 00000000 00:00 0 
7faac67fd000-7faac6805000 rw-s 00000000 08:01 9961636                    /tmp/hsperfdata_tiger/26835
7faac6805000-7faac6806000 rw-p 00000000 00:00 0 
7faac6806000-7faac6807000 r--p 00000000 00:00 0 
7faac6807000-7faac6809000 rw-p 00000000 00:00 0 
7faac6809000-7faac680a000 r--p 00022000 08:01 3936092                    /lib/x86_64-linux-gnu/ld-2.19.so
7faac680a000-7faac680b000 rw-p 00023000 08:01 3936092                    /lib/x86_64-linux-gnu/ld-2.19.so
7faac680b000-7faac680c000 rw-p 00000000 00:00 0 
7fff71095000-7fff710b6000 rw-p 00000000 00:00 0                          [stack]
7fff710da000-7fff710dc000 r-xp 00000000 00:00 0                          [vdso]
ffffffffff600000-ffffffffff601000 r-xp 00000000 00:00 0                  [vsyscall]

VM Arguments:
jvm_args: -Dfile.encoding=UTF-8 -Xbootclasspath:/home/tiger/adt-bundle-linux-x86_64-20131030/sdk/platforms/android-19/android.jar 
java_command: com.emsg.client.Test
Launcher Type: SUN_STANDARD

Environment Variables:
PATH=/usr/local/sbin:/usr/local/bin:/usr/sbin:/usr/bin:/sbin:/bin:/usr/games:/usr/local/games
SHELL=/bin/bash
DISPLAY=:0

Signal Handlers:
SIGSEGV: [libjvm.so+0x8a26a0], sa_mask[0]=0x7ffbfeff, sa_flags=0x10000004
SIGBUS: [libjvm.so+0x8a26a0], sa_mask[0]=0x7ffbfeff, sa_flags=0x10000004
SIGFPE: [libjvm.so+0x73f3d0], sa_mask[0]=0x7ffbfeff, sa_flags=0x10000004
SIGPIPE: [libjvm.so+0x73f3d0], sa_mask[0]=0x7ffbfeff, sa_flags=0x10000004
SIGXFSZ: [libjvm.so+0x73f3d0], sa_mask[0]=0x7ffbfeff, sa_flags=0x10000004
SIGILL: [libjvm.so+0x73f3d0], sa_mask[0]=0x7ffbfeff, sa_flags=0x10000004
SIGUSR1: SIG_DFL, sa_mask[0]=0x00000000, sa_flags=0x00000000
SIGUSR2: [libjvm.so+0x73ed20], sa_mask[0]=0x00000004, sa_flags=0x10000004
SIGHUP: SIG_DFL, sa_mask[0]=0x00000000, sa_flags=0x00000000
SIGINT: SIG_DFL, sa_mask[0]=0x00000000, sa_flags=0x00000000
SIGTERM: SIG_DFL, sa_mask[0]=0x00000000, sa_flags=0x00000000
SIGQUIT: SIG_DFL, sa_mask[0]=0x00000000, sa_flags=0x00000000


---------------  S Y S T E M  ---------------

OS:jessie/sid

uname:Linux 3.13.0-24-generic #46-Ubuntu SMP Thu Apr 10 19:11:08 UTC 2014 x86_64
libc:glibc 2.19 NPTL 2.19 
rlimit: STACK 8192k, CORE 0k, NPROC 29842, NOFILE 4096, AS infinity
load average:0.41 0.44 0.40

/proc/meminfo:
MemTotal:        3841348 kB
MemFree:          156292 kB
Buffers:           31580 kB
Cached:          1505876 kB
SwapCached:        22460 kB
Active:          1804296 kB
Inactive:        1636092 kB
Active(anon):    1373932 kB
Inactive(anon):   842952 kB
Active(file):     430364 kB
Inactive(file):   793140 kB
Unevictable:          32 kB
Mlocked:              32 kB
SwapTotal:       3984380 kB
SwapFree:        3840536 kB
Dirty:               144 kB
Writeback:             0 kB
AnonPages:       1887588 kB
Mapped:           198028 kB
Shmem:            313952 kB
Slab:             113228 kB
SReclaimable:      75260 kB
SUnreclaim:        37968 kB
KernelStack:        5464 kB
PageTables:        47440 kB
NFS_Unstable:          0 kB
Bounce:                0 kB
WritebackTmp:          0 kB
CommitLimit:     5905052 kB
Committed_AS:    6984644 kB
VmallocTotal:   34359738367 kB
VmallocUsed:      550096 kB
VmallocChunk:   34359178844 kB
HardwareCorrupted:     0 kB
AnonHugePages:    598016 kB
HugePages_Total:       0
HugePages_Free:        0
HugePages_Rsvd:        0
HugePages_Surp:        0
Hugepagesize:       2048 kB
DirectMap4k:       81980 kB
DirectMap2M:     3903488 kB


CPU:total 4 (2 cores per cpu, 2 threads per core) family 6 model 37 stepping 5, cmov, cx8, fxsr, mmx, sse, sse2, sse3, ssse3, sse4.1, sse4.2, popcnt, ht, tsc, tscinvbit

/proc/cpuinfo:
processor	: 0
vendor_id	: GenuineIntel
cpu family	: 6
model		: 37
model name	: Intel(R) Core(TM) i5 CPU       M 520  @ 2.40GHz
stepping	: 5
microcode	: 0x2
cpu MHz		: 2400.000
cache size	: 3072 KB
physical id	: 0
siblings	: 4
core id		: 0
cpu cores	: 2
apicid		: 0
initial apicid	: 0
fpu		: yes
fpu_exception	: yes
cpuid level	: 11
wp		: yes
flags		: fpu vme de pse tsc msr pae mce cx8 apic sep mtrr pge mca cmov pat pse36 clflush dts acpi mmx fxsr sse sse2 ss ht tm pbe syscall nx rdtscp lm constant_tsc arch_perfmon pebs bts rep_good nopl xtopology nonstop_tsc aperfmperf pni pclmulqdq dtes64 monitor ds_cpl vmx smx est tm2 ssse3 cx16 xtpr pdcm pcid sse4_1 sse4_2 popcnt aes lahf_lm ida arat dtherm tpr_shadow vnmi flexpriority ept vpid
bogomips	: 4787.96
clflush size	: 64
cache_alignment	: 64
address sizes	: 36 bits physical, 48 bits virtual
power management:

processor	: 1
vendor_id	: GenuineIntel
cpu family	: 6
model		: 37
model name	: Intel(R) Core(TM) i5 CPU       M 520  @ 2.40GHz
stepping	: 5
microcode	: 0x2
cpu MHz		: 2266.000
cache size	: 3072 KB
physical id	: 0
siblings	: 4
core id		: 0
cpu cores	: 2
apicid		: 1
initial apicid	: 1
fpu		: yes
fpu_exception	: yes
cpuid level	: 11
wp		: yes
flags		: fpu vme de pse tsc msr pae mce cx8 apic sep mtrr pge mca cmov pat pse36 clflush dts acpi mmx fxsr sse sse2 ss ht tm pbe syscall nx rdtscp lm constant_tsc arch_perfmon pebs bts rep_good nopl xtopology nonstop_tsc aperfmperf pni pclmulqdq dtes64 monitor ds_cpl vmx smx est tm2 ssse3 cx16 xtpr pdcm pcid sse4_1 sse4_2 popcnt aes lahf_lm ida arat dtherm tpr_shadow vnmi flexpriority ept vpid
bogomips	: 4787.96
clflush size	: 64
cache_alignment	: 64
address sizes	: 36 bits physical, 48 bits virtual
power management:

processor	: 2
vendor_id	: GenuineIntel
cpu family	: 6
model		: 37
model name	: Intel(R) Core(TM) i5 CPU       M 520  @ 2.40GHz
stepping	: 5
microcode	: 0x2
cpu MHz		: 2400.000
cache size	: 3072 KB
physical id	: 0
siblings	: 4
core id		: 2
cpu cores	: 2
apicid		: 4
initial apicid	: 4
fpu		: yes
fpu_exception	: yes
cpuid level	: 11
wp		: yes
flags		: fpu vme de pse tsc msr pae mce cx8 apic sep mtrr pge mca cmov pat pse36 clflush dts acpi mmx fxsr sse sse2 ss ht tm pbe syscall nx rdtscp lm constant_tsc arch_perfmon pebs bts rep_good nopl xtopology nonstop_tsc aperfmperf pni pclmulqdq dtes64 monitor ds_cpl vmx smx est tm2 ssse3 cx16 xtpr pdcm pcid sse4_1 sse4_2 popcnt aes lahf_lm ida arat dtherm tpr_shadow vnmi flexpriority ept vpid
bogomips	: 4787.96
clflush size	: 64
cache_alignment	: 64
address sizes	: 36 bits physical, 48 bits virtual
power management:

processor	: 3
vendor_id	: GenuineIntel
cpu family	: 6
model		: 37
model name	: Intel(R) Core(TM) i5 CPU       M 520  @ 2.40GHz
stepping	: 5
microcode	: 0x2
cpu MHz		: 1199.000
cache size	: 3072 KB
physical id	: 0
siblings	: 4
core id		: 2
cpu cores	: 2
apicid		: 5
initial apicid	: 5
fpu		: yes
fpu_exception	: yes
cpuid level	: 11
wp		: yes
flags		: fpu vme de pse tsc msr pae mce cx8 apic sep mtrr pge mca cmov pat pse36 clflush dts acpi mmx fxsr sse sse2 ss ht tm pbe syscall nx rdtscp lm constant_tsc arch_perfmon pebs bts rep_good nopl xtopology nonstop_tsc aperfmperf pni pclmulqdq dtes64 monitor ds_cpl vmx smx est tm2 ssse3 cx16 xtpr pdcm pcid sse4_1 sse4_2 popcnt aes lahf_lm ida arat dtherm tpr_shadow vnmi flexpriority ept vpid
bogomips	: 4787.96
clflush size	: 64
cache_alignment	: 64
address sizes	: 36 bits physical, 48 bits virtual
power management:



Memory: 4k page, physical 3841348k(156292k free), swap 3984380k(3840536k free)

vm_info: Java HotSpot(TM) 64-Bit Server VM (23.25-b01) for linux-amd64 JRE (1.7.0_25-b15), built on Jun  5 2013 20:48:36 by "java_re" with gcc 4.3.0 20080428 (Red Hat 4.3.0-8)

time: Mon Jul 21 17:10:35 2014
elapsed time: 0 seconds

